<?xml version="1.0" encoding="UTF-8"?>
<!-- Generated by org.testng.reporters.JUnitReportReporter -->
<testsuite skipped="0" hostname="LAPTOP-E2IEQ3CH" name="programs.All_Programs$Arrays1" tests="1" failures="0" timestamp="02 Nov 2020 07:55:51 GMT" time="0.009" errors="0">
  <testcase name="occurane_map" time="0.009" classname="programs.All_Programs$Arrays1"/>
</testsuite> <!-- programs.All_Programs$Arrays1 -->
