<?xml version="1.0" encoding="UTF-8"?>
<!-- Generated by org.testng.reporters.JUnitReportReporter -->
<testsuite skipped="0" hostname="LAPTOP-E2IEQ3CH" name="programs.Program" tests="1" failures="0" timestamp="05 Nov 2020 13:36:21 GMT" time="0.010" errors="0">
  <testcase name="PrimeNum" time="0.010" classname="programs.Program"/>
</testsuite> <!-- programs.Program -->
