<?xml version="1.0" encoding="UTF-8"?>
<!-- Generated by org.testng.reporters.JUnitReportReporter -->
<testsuite skipped="0" hostname="LAPTOP-E2IEQ3CH" name="programs.TESTNG_Practice" tests="2" failures="0" timestamp="18 Nov 2020 10:49:17 GMT" time="0.008" errors="0">
  <testcase name="test2M1" time="0.000" classname="programs.TESTNG_Practice"/>
  <testcase name="test1M1" time="0.008" classname="programs.TESTNG_Practice"/>
</testsuite> <!-- programs.TESTNG_Practice -->
